This is pdfTeX, Version 3.141592653-2.6-1.40.22 (TeX Live 2022/dev/Debian) (preloaded format=pdflatex 2023.6.3)  16 SEP 2023 15:02
entering extended mode
 restricted \write18 enabled.
 file:line:error style messages enabled.
 %&-line parsing enabled.
**/home/steven/Projects/pozyx-thesis/thesis/main.tex
(/home/steven/Projects/pozyx-thesis/thesis/main.tex
LaTeX2e <2021-11-15> patch level 1
L3 programming layer <2022-01-21> (/usr/share/texlive/texmf-dist/tex/latex/base/report.cls
Document Class: report 2021/10/04 v1.4n Standard LaTeX document class
(/usr/share/texlive/texmf-dist/tex/latex/base/size12.clo
File: size12.clo 2021/10/04 v1.4n Standard LaTeX file (size option)
)
\c@part=\count185
\c@chapter=\count186
\c@section=\count187
\c@subsection=\count188
\c@subsubsection=\count189
\c@paragraph=\count190
\c@subparagraph=\count191
\c@figure=\count192
\c@table=\count193
\abovecaptionskip=\skip47
\belowcaptionskip=\skip48
\bibindent=\dimen138
) (/usr/share/texlive/texmf-dist/tex/latex/base/inputenc.sty
Package: inputenc 2021/02/14 v1.3d Input encoding file
\inpenc@prehook=\toks16
\inpenc@posthook=\toks17
) (/usr/share/texlive/texmf-dist/tex/latex/graphics/graphicx.sty
Package: graphicx 2021/09/16 v1.2d Enhanced LaTeX Graphics (DPC,SPQR)
 (/usr/share/texlive/texmf-dist/tex/latex/graphics/keyval.sty
Package: keyval 2014/10/28 v1.15 key=value parser (DPC)
\KV@toks@=\toks18
) (/usr/share/texlive/texmf-dist/tex/latex/graphics/graphics.sty
Package: graphics 2021/03/04 v1.4d Standard LaTeX Graphics (DPC,SPQR)
 (/usr/share/texlive/texmf-dist/tex/latex/graphics/trig.sty
Package: trig 2021/08/11 v1.11 sin cos tan (DPC)
) (/usr/share/texlive/texmf-dist/tex/latex/graphics-cfg/graphics.cfg
File: graphics.cfg 2016/06/04 v1.11 sample graphics configuration
)
Package graphics Info: Driver file: pdftex.def on input line 107.
 (/usr/share/texlive/texmf-dist/tex/latex/graphics-def/pdftex.def
File: pdftex.def 2020/10/05 v1.2a Graphics/color driver for pdftex
))
\Gin@req@height=\dimen139
\Gin@req@width=\dimen140
) (/usr/share/texlive/texmf-dist/tex/latex/caption/subcaption.sty
Package: subcaption 2020/10/07 v1.3j Sub-captions (AR)
 (/usr/share/texlive/texmf-dist/tex/latex/caption/caption.sty
Package: caption 2020/10/26 v3.5g Customizing captions (AR)
 (/usr/share/texlive/texmf-dist/tex/latex/caption/caption3.sty
Package: caption3 2020/10/21 v2.2e caption3 kernel (AR)
\captionmargin=\dimen141
\captionmargin@=\dimen142
\captionwidth=\dimen143
\caption@tempdima=\dimen144
\caption@indent=\dimen145
\caption@parindent=\dimen146
\caption@hangindent=\dimen147
Package caption Info: Standard document class detected.
)
\c@caption@flags=\count194
\c@continuedfloat=\count195
)
\c@subfigure=\count196
\c@subtable=\count197
) (/usr/share/texlive/texmf-dist/tex/latex/makecell/makecell.sty
Package: makecell 2009/08/03 V0.1e Managing of Tab Column Heads and Cells
 (/usr/share/texlive/texmf-dist/tex/latex/tools/array.sty
Package: array 2021/10/04 v2.5f Tabular extension package (FMi)
\col@sep=\dimen148
\ar@mcellbox=\box50
\extrarowheight=\dimen149
\NC@list=\toks19
\extratabsurround=\skip49
\backup@length=\skip50
\ar@cellbox=\box51
)
\rotheadsize=\dimen150
\c@nlinenum=\count198
\TeXr@lab=\toks20
) (/usr/share/texlive/texmf-dist/tex/latex/booktabs/booktabs.sty
Package: booktabs 2020/01/12 v1.61803398 Publication quality tables
\heavyrulewidth=\dimen151
\lightrulewidth=\dimen152
\cmidrulewidth=\dimen153
\belowrulesep=\dimen154
\belowbottomsep=\dimen155
\aboverulesep=\dimen156
\abovetopsep=\dimen157
\cmidrulesep=\dimen158
\cmidrulekern=\dimen159
\defaultaddspace=\dimen160
\@cmidla=\count199
\@cmidlb=\count266
\@aboverulesep=\dimen161
\@belowrulesep=\dimen162
\@thisruleclass=\count267
\@lastruleclass=\count268
\@thisrulewidth=\dimen163
) (/usr/share/texlive/texmf-dist/tex/latex/amsmath/amsmath.sty
Package: amsmath 2021/10/15 v2.17l AMS math features
\@mathmargin=\skip51

For additional information on amsmath, use the `?' option.
(/usr/share/texlive/texmf-dist/tex/latex/amsmath/amstext.sty
Package: amstext 2021/08/26 v2.01 AMS text
 (/usr/share/texlive/texmf-dist/tex/latex/amsmath/amsgen.sty
File: amsgen.sty 1999/11/30 v2.0 generic functions
\@emptytoks=\toks21
\ex@=\dimen164
)) (/usr/share/texlive/texmf-dist/tex/latex/amsmath/amsbsy.sty
Package: amsbsy 1999/11/29 v1.2d Bold Symbols
\pmbraise@=\dimen165
) (/usr/share/texlive/texmf-dist/tex/latex/amsmath/amsopn.sty
Package: amsopn 2021/08/26 v2.02 operator names
)
\inf@bad=\count269
LaTeX Info: Redefining \frac on input line 234.
\uproot@=\count270
\leftroot@=\count271
LaTeX Info: Redefining \overline on input line 399.
\classnum@=\count272
\DOTSCASE@=\count273
LaTeX Info: Redefining \ldots on input line 496.
LaTeX Info: Redefining \dots on input line 499.
LaTeX Info: Redefining \cdots on input line 620.
\Mathstrutbox@=\box52
\strutbox@=\box53
\big@size=\dimen166
LaTeX Font Info:    Redeclaring font encoding OML on input line 743.
LaTeX Font Info:    Redeclaring font encoding OMS on input line 744.
\macc@depth=\count274
\c@MaxMatrixCols=\count275
\dotsspace@=\muskip16
\c@parentequation=\count276
\dspbrk@lvl=\count277
\tag@help=\toks22
\row@=\count278
\column@=\count279
\maxfields@=\count280
\andhelp@=\toks23
\eqnshift@=\dimen167
\alignsep@=\dimen168
\tagshift@=\dimen169
\tagwidth@=\dimen170
\totwidth@=\dimen171
\lineht@=\dimen172
\@envbody=\toks24
\multlinegap=\skip52
\multlinetaggap=\skip53
\mathdisplay@stack=\toks25
LaTeX Info: Redefining \[ on input line 2938.
LaTeX Info: Redefining \] on input line 2939.
) (/usr/share/texlive/texmf-dist/tex/latex/amsfonts/amsfonts.sty
Package: amsfonts 2013/01/14 v3.01 Basic AMSFonts support
\symAMSa=\mathgroup4
\symAMSb=\mathgroup5
LaTeX Font Info:    Redeclaring math symbol \hbar on input line 98.
LaTeX Font Info:    Overwriting math alphabet `\mathfrak' in version `bold'
(Font)                  U/euf/m/n --> U/euf/b/n on input line 106.
) (/usr/share/texlive/texmf-dist/tex/latex/amsfonts/amssymb.sty
Package: amssymb 2013/01/14 v3.01 AMS font symbols
) (/usr/share/texlive/texmf-dist/tex/latex/l3backend/l3backend-pdftex.def
File: l3backend-pdftex.def 2022-01-12 L3 backend support: PDF output (pdfTeX)
\l__color_backend_stack_int=\count281
\l__pdf_internal_box=\box54
) (./main.aux)
\openout1 = `main.aux'.

LaTeX Font Info:    Checking defaults for OML/cmm/m/it on input line 21.
LaTeX Font Info:    ... okay on input line 21.
LaTeX Font Info:    Checking defaults for OMS/cmsy/m/n on input line 21.
LaTeX Font Info:    ... okay on input line 21.
LaTeX Font Info:    Checking defaults for OT1/cmr/m/n on input line 21.
LaTeX Font Info:    ... okay on input line 21.
LaTeX Font Info:    Checking defaults for T1/cmr/m/n on input line 21.
LaTeX Font Info:    ... okay on input line 21.
LaTeX Font Info:    Checking defaults for TS1/cmr/m/n on input line 21.
LaTeX Font Info:    ... okay on input line 21.
LaTeX Font Info:    Checking defaults for OMX/cmex/m/n on input line 21.
LaTeX Font Info:    ... okay on input line 21.
LaTeX Font Info:    Checking defaults for U/cmr/m/n on input line 21.
LaTeX Font Info:    ... okay on input line 21.
 (/usr/share/texlive/texmf-dist/tex/context/base/mkii/supp-pdf.mkii
[Loading MPS to PDF converter (version 2006.09.02).]
\scratchcounter=\count282
\scratchdimen=\dimen173
\scratchbox=\box55
\nofMPsegments=\count283
\nofMParguments=\count284
\everyMPshowfont=\toks26
\MPscratchCnt=\count285
\MPscratchDim=\dimen174
\MPnumerator=\count286
\makeMPintoPDFobject=\count287
\everyMPtoPDFconversion=\toks27
) (/usr/share/texlive/texmf-dist/tex/latex/epstopdf-pkg/epstopdf-base.sty
Package: epstopdf-base 2020-01-24 v2.11 Base part for package epstopdf
Package epstopdf-base Info: Redefining graphics rule for `.eps' on input line 485.
 (/usr/share/texlive/texmf-dist/tex/latex/latexconfig/epstopdf-sys.cfg
File: epstopdf-sys.cfg 2010/07/13 v1.3 Configuration of (r)epstopdf for TeX Live
))
Package caption Info: Begin \AtBeginDocument code.
Package caption Info: End \AtBeginDocument code.
<images//university.png, id=1, 628.43478pt x 471.32608pt>
File: images//university.png Graphic file (type png)
<use images//university.png>
Package pdftex.def Info: images//university.png  used on input line 22.
(pdftex.def)             Requested size: 390.0pt x 292.50682pt.
LaTeX Font Info:    Trying to load font information for U+msa on input line 22.
 (/usr/share/texlive/texmf-dist/tex/latex/amsfonts/umsa.fd
File: umsa.fd 2013/01/14 v3.01 AMS symbols A
)
LaTeX Font Info:    Trying to load font information for U+msb on input line 22.
 (/usr/share/texlive/texmf-dist/tex/latex/amsfonts/umsb.fd
File: umsb.fd 2013/01/14 v3.01 AMS symbols B
) [1

{/var/lib/texmf/fonts/map/pdftex/updmap/pdftex.map} <./images//university.png>] [2] (./main.toc)
\tf@toc=\write3
\openout3 = `main.toc'.

 [1

]
Chapter 1.
(./chapters/chapter01.tex) [2

] [3]
Chapter 2.
(./chapters/chapter02.tex) [4

] [5]
Chapter 3.
(./chapters/chapter03.tex [6

]
<images//tape.jpg, id=35, 4047.12pt x 3035.34pt>
File: images//tape.jpg Graphic file (type jpg)
<use images//tape.jpg>
Package pdftex.def Info: images//tape.jpg  used on input line 46.
(pdftex.def)             Requested size: 234.00238pt x 175.48943pt.
<images//floorplan.png, id=36, 1206.5075pt x 922.44624pt>
File: images//floorplan.png Graphic file (type png)
<use images//floorplan.png>
Package pdftex.def Info: images//floorplan.png  used on input line 66.
(pdftex.def)             Requested size: 312.00119pt x 238.53543pt.
 [7] [8 <./images//tape.jpg>] [9 <./images//floorplan.png>]
<images//necklace.png, id=47, 466.74374pt x 513.92pt>
File: images//necklace.png Graphic file (type png)
<use images//necklace.png>
Package pdftex.def Info: images//necklace.png  used on input line 82.
(pdftex.def)             Requested size: 272.99881pt x 300.60669pt.
 [10

 <./images//necklace.png>]
<images//x_errors.png, id=51, 751.608pt x 295.5843pt>
File: images//x_errors.png Graphic file (type png)
<use images//x_errors.png>
Package pdftex.def Info: images//x_errors.png  used on input line 115.
(pdftex.def)             Requested size: 390.0pt x 153.37546pt.
<images//x_stds.png, id=53, 751.608pt x 295.5843pt>
File: images//x_stds.png Graphic file (type png)
<use images//x_stds.png>
Package pdftex.def Info: images//x_stds.png  used on input line 120.
(pdftex.def)             Requested size: 390.0pt x 153.37546pt.
<images//y_errors.png, id=55, 751.608pt x 295.5843pt>
File: images//y_errors.png Graphic file (type png)
<use images//y_errors.png>
Package pdftex.def Info: images//y_errors.png  used on input line 133.
(pdftex.def)             Requested size: 390.0pt x 153.37546pt.
<images//y_stds.png, id=57, 751.608pt x 295.5843pt>
File: images//y_stds.png Graphic file (type png)
<use images//y_stds.png>
Package pdftex.def Info: images//y_stds.png  used on input line 138.
(pdftex.def)             Requested size: 390.0pt x 153.37546pt.
<images//z_errors.png, id=58, 747.2718pt x 295.5843pt>
File: images//z_errors.png Graphic file (type png)
<use images//z_errors.png>
Package pdftex.def Info: images//z_errors.png  used on input line 150.
(pdftex.def)             Requested size: 390.0pt x 154.2685pt.
<images//z_stds.png, id=60, 747.2718pt x 295.5843pt>
File: images//z_stds.png Graphic file (type png)
<use images//z_stds.png>
Package pdftex.def Info: images//z_stds.png  used on input line 155.
(pdftex.def)             Requested size: 390.0pt x 154.2685pt.
 [11] [12 <./images//x_errors.png> <./images//x_stds.png>] [13 <./images//y_errors.png> <./images//y_stds.png>] [14 <./images//z_errors.png> <./images//z_stds.png>] [15

]
<images//floorplananchors.png, id=90, 679.03688pt x 560.8453pt>
File: images//floorplananchors.png Graphic file (type png)
<use images//floorplananchors.png>
Package pdftex.def Info: images//floorplananchors.png  used on input line 218.
(pdftex.def)             Requested size: 312.00119pt x 257.69244pt.
) [16 <./images//floorplananchors.png>] [17]
Chapter 4.
(./chapters/chapter04.tex
<images//makingsandwich.png, id=101, 798.985pt x 1085.05376pt>
File: images//makingsandwich.png Graphic file (type png)
<use images//makingsandwich.png>
Package pdftex.def Info: images//makingsandwich.png  used on input line 8.
(pdftex.def)             Requested size: 390.0pt x 529.64453pt.


LaTeX Warning: Float too large for page by 5.64452pt on input line 11.

[18

] [19 <./images//makingsandwich.png>]
<images//wristsensor.jpg, id=111, 385.44pt x 513.92pt>
File: images//wristsensor.jpg Graphic file (type jpg)
<use images//wristsensor.jpg>
Package pdftex.def Info: images//wristsensor.jpg  used on input line 43.
(pdftex.def)             Requested size: 155.99762pt x 207.9953pt.
 [20

 <./images//wristsensor.jpg>]
<images//openfridgedata.png, id=117, 1445.4pt x 722.7pt>
File: images//openfridgedata.png Graphic file (type png)
<use images//openfridgedata.png>
Package pdftex.def Info: images//openfridgedata.png  used on input line 61.
(pdftex.def)             Requested size: 390.0pt x 194.99927pt.
 [21 <./images//openfridgedata.png>]
<images//windowing1.png, id=124, 1445.4pt x 722.7pt>
File: images//windowing1.png Graphic file (type png)
<use images//windowing1.png>
Package pdftex.def Info: images//windowing1.png  used on input line 85.
(pdftex.def)             Requested size: 390.0pt x 194.99927pt.
<images//windowing3.png, id=126, 1445.4pt x 722.7pt>
File: images//windowing3.png Graphic file (type png)
<use images//windowing3.png>
Package pdftex.def Info: images//windowing3.png  used on input line 89.
(pdftex.def)             Requested size: 390.0pt x 194.99927pt.
 [22] [23 <./images//windowing1.png> <./images//windowing3.png>]
<images//cm-svm-lin.png, id=139, 1122.3531pt x 1517.67pt>
File: images//cm-svm-lin.png Graphic file (type png)
<use images//cm-svm-lin.png>
Package pdftex.def Info: images//cm-svm-lin.png  used on input line 159.
(pdftex.def)             Requested size: 324.4979pt x 438.80167pt.
<images//cm-svm-rbf.png, id=141, 1122.3531pt x 1517.67pt>
File: images//cm-svm-rbf.png Graphic file (type png)
<use images//cm-svm-rbf.png>
Package pdftex.def Info: images//cm-svm-rbf.png  used on input line 167.
(pdftex.def)             Requested size: 324.4979pt x 438.80167pt.
<images//cm-svm-poly.png, id=143, 1122.3531pt x 1517.67pt>
File: images//cm-svm-poly.png Graphic file (type png)
<use images//cm-svm-poly.png>
Package pdftex.def Info: images//cm-svm-poly.png  used on input line 174.
(pdftex.def)             Requested size: 324.4979pt x 438.80167pt.
<images//cm-5nn.png, id=145, 1122.3531pt x 1517.67pt>
File: images//cm-5nn.png Graphic file (type png)
<use images//cm-5nn.png>
Package pdftex.def Info: images//cm-5nn.png  used on input line 181.
(pdftex.def)             Requested size: 324.4979pt x 438.80167pt.
<images//cm-decision.png, id=147, 1122.3531pt x 1517.67pt>
File: images//cm-decision.png Graphic file (type png)
<use images//cm-decision.png>
Package pdftex.def Info: images//cm-decision.png  used on input line 188.
(pdftex.def)             Requested size: 324.4979pt x 438.80167pt.
<images//cm-rf.png, id=149, 1122.3531pt x 1517.67pt>
File: images//cm-rf.png Graphic file (type png)
<use images//cm-rf.png>
Package pdftex.def Info: images//cm-rf.png  used on input line 195.
(pdftex.def)             Requested size: 324.4979pt x 438.80167pt.
 [24

] [25 <./images//cm-svm-lin.png>] [26 <./images//cm-svm-rbf.png>] [27 <./images//cm-svm-poly.png>] [28 <./images//cm-5nn.png>] [29 <./images//cm-decision.png>] [30 <./images//cm-rf.png>]) (./main.bbl [31

]) [32

] (./main.aux) ) 
Here is how much of TeX's memory you used:
 4529 strings out of 478287
 75158 string characters out of 5849290
 357571 words of memory out of 5000000
 22677 multiletter control sequences out of 15000+600000
 479910 words of font info for 69 fonts, out of 8000000 for 9000
 1141 hyphenation exceptions out of 8191
 67i,16n,77p,419b,474s stack positions out of 5000i,500n,10000p,200000b,80000s
{/usr/share/texmf/fonts/enc/dvips/cm-super/cm-super-ts1.enc}</usr/share/texlive/texmf-dist/fonts/type1/public/amsfonts/cm/cmbx12.pfb></usr/share/texlive/texmf-dist/fonts/type1/public/amsfonts/cm/cmmi12.pfb></usr/share/texlive/texmf-dist/fonts/type1/public/amsfonts/cm/cmr10.pfb></usr/share/texlive/texmf-dist/fonts/type1/public/amsfonts/cm/cmr12.pfb></usr/share/texlive/texmf-dist/fonts/type1/public/amsfonts/cm/cmr17.pfb></usr/share/texmf/fonts/type1/public/cm-super/sfrm1200.pfb>
Output written on main.pdf (34 pages, 4717924 bytes).
PDF statistics:
 221 PDF objects out of 1000 (max. 8388607)
 113 compressed objects within 2 object streams
 0 named destinations out of 1000 (max. 500000)
 213 words of extra memory for PDF output out of 10000 (max. 10000000)

